

Microchip MPLAB XC8 Assembler V2.05 build -831301201 
                                                                                               Mon Apr 08 15:20:54 2019

Microchip MPLAB XC8 C Compiler v2.05 (Free license) build 20181220022703 Og1 
     1                           	processor	18F4550
     2                           	fnconf	rparam,??,?,0
     3                           	opt	pw 120
     4                           	opt	flic
     5                           	psect	idataCOMRAM,global,class=CODE,delta=1,noexec
     6                           	psect	idataBANK0,global,class=CODE,delta=1,noexec
     7                           	psect	idataBANK1,global,class=CODE,delta=1,noexec
     8                           	psect	cinit,global,reloc=2,class=CODE,delta=1
     9                           	psect	dataCOMRAM,global,class=COMRAM,space=1,delta=1,noexec
    10                           	psect	dataBANK0,global,class=BANK0,space=1,delta=1,lowdata,noexec
    11                           	psect	dataBANK1,global,class=BANK1,space=1,delta=1,lowdata,noexec
    12                           	psect	cstackBANK0,global,class=BANK0,space=1,delta=1,noexec
    13                           	psect	cstackCOMRAM,global,class=COMRAM,space=1,delta=1,noexec
    14                           	psect	text0,global,reloc=2,class=CODE,delta=1
    15                           	psect	text1,global,reloc=2,class=CODE,delta=1
    16                           	psect	text2,global,reloc=2,class=CODE,delta=1
    17                           	psect	intsave_regs,global,class=BIGRAM,space=1,delta=1,noexec
    18                           	psect	rparam,global,class=COMRAM,space=1,delta=1,noexec
    19  0000                     
    20                           ; Version 2.05
    21                           ; Generated 20/12/2018 GMT
    22                           ; 
    23                           ; Copyright © 2018, Microchip Technology Inc. and its subsidiaries ("Microchip")
    24                           ; All rights reserved.
    25                           ; 
    26                           ; This software is developed by Microchip Technology Inc. and its subsidiaries ("Microch
      +                          ip").
    27                           ; 
    28                           ; Redistribution and use in source and binary forms, with or without modification, are
    29                           ; permitted provided that the following conditions are met:
    30                           ; 
    31                           ;     1. Redistributions of source code must retain the above copyright notice, this lis
      +                          t of
    32                           ;        conditions and the following disclaimer.
    33                           ; 
    34                           ;     2. Redistributions in binary form must reproduce the above copyright notice, this 
      +                          list
    35                           ;        of conditions and the following disclaimer in the documentation and/or other
    36                           ;        materials provided with the distribution.
    37                           ; 
    38                           ;     3. Microchip's name may not be used to endorse or promote products derived from th
      +                          is
    39                           ;        software without specific prior written permission.
    40                           ; 
    41                           ; THIS SOFTWARE IS PROVIDED BY MICROCHIP "AS IS" AND ANY EXPRESS OR IMPLIED WARRANTIES,
    42                           ; INCLUDING, BUT NOT LIMITED TO, THE IMPLIED WARRANTIES OF MERCHANTABILITY AND FITNESS F
      +                          OR
    43                           ; PURPOSE ARE DISCLAIMED.  IN NO EVENT SHALL MICROCHIP BE LIABLE FOR ANY DIRECT, INDIREC
      +                          T,
    44                           ; INCIDENTAL, SPECIAL, EXEMPLARY, OR CONSEQUENTIAL DAMAGES (INCLUDING BUT NOT LIMITED TO
    45                           ; PROCUREMENT OF SUBSTITUTE GOODS OR SERVICES; LOSS OF USE, DATA OR PROFITS; OR BUSINESS
    46                           ; INTERRUPTION) HOWSOEVER CAUSED AND ON ANY THEORY OF LIABILITY, WHETHER IN CONTRACT, ST
      +                          RICT
    47                           ; LIABILITY, OR TORT (INCLUDING NEGLIGENCE OR OTHERWISE) ARISING IN ANY WAY OUT OF THE U
      +                          SE OF
    48                           ; THIS SOFTWARE, EVEN IF ADVISED OF THE POSSIBILITY OF SUCH DAMAGE.
    49                           ; 
    50                           ; 
    51                           ; Code-generator required, PIC18F4550 Definitions
    52                           ; 
    53                           ; SFR Addresses
    54  0000                     
    55                           	psect	idataCOMRAM
    56  007E5E                     __pidataCOMRAM:
    57                           	opt callstack 0
    58                           
    59                           ;initializer for varredura_matrix@F3170
    60  007E5E  00FF               	dw	255
    61  007E60  0003               	dw	3
    62  007E62  0001               	dw	1
    63  007E64  00CE               	dw	206
    64  007E66  00CE               	dw	206
    65  007E68  0001               	dw	1
    66  007E6A  0003               	dw	3
    67  007E6C  00FF               	dw	255
    68  007E6E  00FF               	dw	255
    69  007E70  0003               	dw	3
    70  007E72  0001               	dw	1
    71  007E74  00CE               	dw	206
    72  007E76  00CE               	dw	206
    73  007E78  0001               	dw	1
    74  007E7A  0003               	dw	3
    75  007E7C  00FF               	dw	255
    76  007E7E  00FF               	dw	255
    77  007E80  0003               	dw	3
    78  007E82  0001               	dw	1
    79  007E84  00CE               	dw	206
    80  007E86  00CE               	dw	206
    81  007E88  0001               	dw	1
    82  007E8A  0003               	dw	3
    83  007E8C  00FF               	dw	255
    84                           
    85                           	psect	idataBANK0
    86  007E0C                     __pidataBANK0:
    87                           	opt callstack 0
    88                           
    89                           ;initializer for varredura_matrix@F3168
    90  007E0C  0001               	dw	1
    91  007E0E  0002               	dw	2
    92  007E10  0004               	dw	4
    93  007E12  0008               	dw	8
    94  007E14  0010               	dw	16
    95  007E16  0020               	dw	32
    96  007E18  0040               	dw	64
    97  007E1A  0080               	dw	128
    98                           
    99                           	psect	idataBANK1
   100  007E2E                     __pidataBANK1:
   101                           	opt callstack 0
   102                           
   103                           ;initializer for varredura_matrix@F3172
   104  007E2E  00C3               	dw	195
   105  007E30  00BD               	dw	189
   106  007E32  005A               	dw	90
   107  007E34  007E               	dw	126
   108  007E36  005A               	dw	90
   109  007E38  0066               	dw	102
   110  007E3A  00BD               	dw	189
   111  007E3C  00C3               	dw	195
   112  007E3E  00C3               	dw	195
   113  007E40  00BD               	dw	189
   114  007E42  005A               	dw	90
   115  007E44  007E               	dw	126
   116  007E46  005A               	dw	90
   117  007E48  0066               	dw	102
   118  007E4A  00BD               	dw	189
   119  007E4C  00C3               	dw	195
   120  007E4E  00C3               	dw	195
   121  007E50  00BD               	dw	189
   122  007E52  005A               	dw	90
   123  007E54  007E               	dw	126
   124  007E56  005A               	dw	90
   125  007E58  0066               	dw	102
   126  007E5A  00BD               	dw	189
   127  007E5C  00C3               	dw	195
   128  0000                     _LATC	set	3979
   129  0000                     _LATB	set	3978
   130  0000                     _LATD	set	3980
   131  0000                     _TRISC	set	3988
   132  0000                     _TRISB	set	3987
   133  0000                     _TRISD	set	3989
   134  0000                     _ADCON1	set	4033
   135                           
   136                           ; #config settings
   137                           
   138                           	psect	cinit
   139  007E8E                     __pcinit:
   140                           	opt callstack 0
   141  007E8E                     start_initialization:
   142                           	opt callstack 0
   143  007E8E                     __initialization:
   144                           	opt callstack 0
   145                           
   146                           ; Initialize objects allocated to BANK1 (48 bytes)
   147                           ; load TBLPTR registers with __pidataBANK1
   148  007E8E  0E2E               	movlw	low __pidataBANK1
   149  007E90  6EF6               	movwf	tblptrl,c
   150  007E92  0E7E               	movlw	high __pidataBANK1
   151  007E94  6EF7               	movwf	tblptrh,c
   152  007E96  0E00               	movlw	low (__pidataBANK1 shr (0+16))
   153  007E98  6EF8               	movwf	tblptru,c
   154  007E9A  EE01  F000         	lfsr	0,__pdataBANK1
   155  007E9E  EE10 F030          	lfsr	1,48
   156  007EA2                     copy_data0:
   157  007EA2  0009               	tblrd		*+
   158  007EA4  CFF5 FFEE          	movff	tablat,postinc0
   159  007EA8  50E5               	movf	postdec1,w,c
   160  007EAA  50E1               	movf	fsr1l,w,c
   161  007EAC  E1FA               	bnz	copy_data0
   162                           
   163                           ; Initialize objects allocated to BANK0 (16 bytes)
   164                           ; load TBLPTR registers with __pidataBANK0
   165  007EAE  0E0C               	movlw	low __pidataBANK0
   166  007EB0  6EF6               	movwf	tblptrl,c
   167  007EB2  0E7E               	movlw	high __pidataBANK0
   168  007EB4  6EF7               	movwf	tblptrh,c
   169  007EB6  0E00               	movlw	low (__pidataBANK0 shr (0+16))
   170  007EB8  6EF8               	movwf	tblptru,c
   171  007EBA  EE00  F0D6         	lfsr	0,__pdataBANK0
   172  007EBE  EE10 F010          	lfsr	1,16
   173  007EC2                     copy_data1:
   174  007EC2  0009               	tblrd		*+
   175  007EC4  CFF5 FFEE          	movff	tablat,postinc0
   176  007EC8  50E5               	movf	postdec1,w,c
   177  007ECA  50E1               	movf	fsr1l,w,c
   178  007ECC  E1FA               	bnz	copy_data1
   179                           
   180                           ; Initialize objects allocated to COMRAM (48 bytes)
   181                           ; load TBLPTR registers with __pidataCOMRAM
   182  007ECE  0E5E               	movlw	low __pidataCOMRAM
   183  007ED0  6EF6               	movwf	tblptrl,c
   184  007ED2  0E7E               	movlw	high __pidataCOMRAM
   185  007ED4  6EF7               	movwf	tblptrh,c
   186  007ED6  0E00               	movlw	low (__pidataCOMRAM shr (0+16))
   187  007ED8  6EF8               	movwf	tblptru,c
   188  007EDA  EE00  F001         	lfsr	0,__pdataCOMRAM
   189  007EDE  EE10 F030          	lfsr	1,48
   190  007EE2                     copy_data2:
   191  007EE2  0009               	tblrd		*+
   192  007EE4  CFF5 FFEE          	movff	tablat,postinc0
   193  007EE8  50E5               	movf	postdec1,w,c
   194  007EEA  50E1               	movf	fsr1l,w,c
   195  007EEC  E1FA               	bnz	copy_data2
   196  007EEE                     end_of_initialization:
   197                           	opt callstack 0
   198  007EEE                     __end_of__initialization:
   199                           	opt callstack 0
   200  007EEE  0100               	movlb	0
   201  007EF0  EF01  F03F         	goto	_main	;jump to C main() function
   202                           
   203                           	psect	dataCOMRAM
   204  000001                     __pdataCOMRAM:
   205                           	opt callstack 0
   206  000001                     varredura_matrix@F3170:
   207                           	opt callstack 0
   208  000001                     	ds	48
   209                           
   210                           	psect	dataBANK0
   211  0000D6                     __pdataBANK0:
   212                           	opt callstack 0
   213  0000D6                     varredura_matrix@F3168:
   214                           	opt callstack 0
   215  0000D6                     	ds	16
   216                           
   217                           	psect	dataBANK1
   218  000100                     __pdataBANK1:
   219                           	opt callstack 0
   220  000100                     varredura_matrix@F3172:
   221                           	opt callstack 0
   222  000100                     	ds	48
   223                           
   224                           	psect	cstackBANK0
   225  000060                     __pcstackBANK0:
   226                           	opt callstack 0
   227  000060                     varredura_matrix@letra_A:
   228                           	opt callstack 0
   229                           
   230                           ; 48 bytes @ 0x0
   231  000060                     	ds	48
   232  000090                     varredura_matrix@letra_J:
   233                           	opt callstack 0
   234                           
   235                           ; 48 bytes @ 0x30
   236  000090                     	ds	48
   237  0000C0                     varredura_matrix@varredura:
   238                           	opt callstack 0
   239                           
   240                           ; 16 bytes @ 0x60
   241  0000C0                     	ds	16
   242  0000D0                     varredura_matrix@m:
   243                           	opt callstack 0
   244                           
   245                           ; 2 bytes @ 0x70
   246  0000D0                     	ds	2
   247  0000D2                     varredura_matrix@j:
   248                           	opt callstack 0
   249                           
   250                           ; 2 bytes @ 0x72
   251  0000D2                     	ds	2
   252  0000D4                     varredura_matrix@i:
   253                           	opt callstack 0
   254                           
   255                           ; 2 bytes @ 0x74
   256  0000D4                     	ds	2
   257                           
   258                           	psect	cstackCOMRAM
   259  000031                     __pcstackCOMRAM:
   260                           	opt callstack 0
   261  000031                     ??_varredura_matrix:
   262  000031                     
   263                           ; 1 bytes @ 0x0
   264  000031                     	ds	2
   265  000033                     
   266                           ; 1 bytes @ 0x2
   267 ;;
   268 ;;Main: autosize = 0, tempsize = 0, incstack = 0, save=0
   269 ;;
   270 ;; *************** function _main *****************
   271 ;; Defined at:
   272 ;;		line 7 in file "matrix.c"
   273 ;; Parameters:    Size  Location     Type
   274 ;;		None
   275 ;; Auto vars:     Size  Location     Type
   276 ;;		None
   277 ;; Return value:  Size  Location     Type
   278 ;;                  1    wreg      void 
   279 ;; Registers used:
   280 ;;		wreg, fsr1l, fsr1h, fsr2l, fsr2h, status,2, status,0, cstack
   281 ;; Tracked objects:
   282 ;;		On entry : 0/0
   283 ;;		On exit  : 0/0
   284 ;;		Unchanged: 0/0
   285 ;; Data sizes:     COMRAM   BANK0   BANK1   BANK2   BANK3   BANK4   BANK5   BANK6   BANK7
   286 ;;      Params:         0       0       0       0       0       0       0       0       0
   287 ;;      Locals:         0       0       0       0       0       0       0       0       0
   288 ;;      Temps:          0       0       0       0       0       0       0       0       0
   289 ;;      Totals:         0       0       0       0       0       0       0       0       0
   290 ;;Total ram usage:        0 bytes
   291 ;; Hardware stack levels required when called:    1
   292 ;; This function calls:
   293 ;;		_configura_portas
   294 ;;		_varredura_matrix
   295 ;; This function is called by:
   296 ;;		Startup code after reset
   297 ;; This function uses a non-reentrant model
   298 ;;
   299                           
   300                           	psect	text0
   301  007E02                     __ptext0:
   302                           	opt callstack 0
   303  007E02                     _main:
   304                           	opt callstack 30
   305                           
   306                           ;matrix.c: 8:     configura_portas();
   307                           
   308                           ;incstack = 0
   309  007E02  EC0E  F03F         	call	_configura_portas	;wreg free
   310  007E06                     l802:
   311                           
   312                           ;matrix.c: 10:     {;matrix.c: 11:         varredura_matrix();
   313  007E06  EC7A  F03F         	call	_varredura_matrix	;wreg free
   314  007E0A  D7FD               	goto	l802
   315  007E0C                     __end_of_main:
   316                           	opt callstack 0
   317                           
   318 ;; *************** function _varredura_matrix *****************
   319 ;; Defined at:
   320 ;;		line 22 in file "matrix.c"
   321 ;; Parameters:    Size  Location     Type
   322 ;;		None
   323 ;; Auto vars:     Size  Location     Type
   324 ;;  letra_J        48   48[BANK0 ] int [24]
   325 ;;  letra_A        48    0[BANK0 ] int [24]
   326 ;;  varredura      16   96[BANK0 ] int [8]
   327 ;;  i               2  116[BANK0 ] int 
   328 ;;  j               2  114[BANK0 ] int 
   329 ;;  m               2  112[BANK0 ] int 
   330 ;; Return value:  Size  Location     Type
   331 ;;                  1    wreg      void 
   332 ;; Registers used:
   333 ;;		wreg, fsr1l, fsr1h, fsr2l, fsr2h, status,2, status,0
   334 ;; Tracked objects:
   335 ;;		On entry : 0/0
   336 ;;		On exit  : 0/0
   337 ;;		Unchanged: 0/0
   338 ;; Data sizes:     COMRAM   BANK0   BANK1   BANK2   BANK3   BANK4   BANK5   BANK6   BANK7
   339 ;;      Params:         0       0       0       0       0       0       0       0       0
   340 ;;      Locals:         0     118       0       0       0       0       0       0       0
   341 ;;      Temps:          2       0       0       0       0       0       0       0       0
   342 ;;      Totals:         2     118       0       0       0       0       0       0       0
   343 ;;Total ram usage:      120 bytes
   344 ;; Hardware stack levels used:    1
   345 ;; This function calls:
   346 ;;		Nothing
   347 ;; This function is called by:
   348 ;;		_main
   349 ;; This function uses a non-reentrant model
   350 ;;
   351                           
   352                           	psect	text1
   353  007EF4                     __ptext1:
   354                           	opt callstack 0
   355  007EF4                     _varredura_matrix:
   356                           	opt callstack 30
   357                           
   358                           ;matrix.c: 24:     int i,j,m;;matrix.c: 25:     int varredura[]=
   359                           
   360                           ;incstack = 0
   361  007EF4  EE20  F0D6         	lfsr	2,varredura_matrix@F3168
   362  007EF8  EE10  F0C0         	lfsr	1,varredura_matrix@varredura
   363  007EFC  0E0F               	movlw	15
   364  007EFE                     u71:
   365  007EFE  CFDB FFE3          	movff	plusw2,plusw1
   366  007F02  06E8               	decf	wreg,f,c
   367  007F04  E2FC               	bc	u71
   368                           
   369                           ;matrix.c: 36:     int letra_A[]=
   370  007F06  EE20  F001         	lfsr	2,varredura_matrix@F3170
   371  007F0A  EE10  F060         	lfsr	1,varredura_matrix@letra_A
   372  007F0E  0E2F               	movlw	47
   373  007F10                     u81:
   374  007F10  CFDB FFE3          	movff	plusw2,plusw1
   375  007F14  06E8               	decf	wreg,f,c
   376  007F16  E2FC               	bc	u81
   377                           
   378                           ;matrix.c: 65:     int letra_J[]=
   379  007F18  EE21  F000         	lfsr	2,varredura_matrix@F3172
   380  007F1C  EE10  F090         	lfsr	1,varredura_matrix@letra_J
   381  007F20  0E2F               	movlw	47
   382  007F22                     u91:
   383  007F22  CFDB FFE3          	movff	plusw2,plusw1
   384  007F26  06E8               	decf	wreg,f,c
   385  007F28  E2FC               	bc	u91
   386                           
   387                           ;matrix.c: 99:     for(j=0;j<16;j++){
   388  007F2A  0E00               	movlw	0
   389  007F2C  0100               	movlb	0	; () banked
   390  007F2E  6FD3               	movwf	(varredura_matrix@j+1)& (0+255),b
   391  007F30  0E00               	movlw	0
   392  007F32  6FD2               	movwf	varredura_matrix@j& (0+255),b
   393  007F34                     l772:
   394                           
   395                           ; BSR set to: 0
   396                           ;matrix.c: 100:         for(m=0;m<10;m++){
   397  007F34  0E00               	movlw	0
   398  007F36  6FD1               	movwf	(varredura_matrix@m+1)& (0+255),b
   399  007F38  0E00               	movlw	0
   400  007F3A  6FD0               	movwf	varredura_matrix@m& (0+255),b
   401  007F3C                     l778:
   402                           
   403                           ; BSR set to: 0
   404                           ;matrix.c: 101:             for (i=0;i<8;i++)
   405  007F3C  0E00               	movlw	0
   406  007F3E  6FD5               	movwf	(varredura_matrix@i+1)& (0+255),b
   407  007F40  0E00               	movlw	0
   408  007F42  6FD4               	movwf	varredura_matrix@i& (0+255),b
   409  007F44                     l784:
   410                           
   411                           ; BSR set to: 0
   412                           ;matrix.c: 102:             {;matrix.c: 103:                 LATD = varredura[i];
   413  007F44  90D8               	bcf	status,0,c
   414  007F46  35D4               	rlcf	varredura_matrix@i& (0+255),w,b
   415  007F48  6ED9               	movwf	fsr2l,c
   416  007F4A  35D5               	rlcf	(varredura_matrix@i+1)& (0+255),w,b
   417  007F4C  6EDA               	movwf	fsr2h,c
   418  007F4E  0EC0               	movlw	low varredura_matrix@varredura
   419  007F50  26D9               	addwf	fsr2l,f,c
   420  007F52  0E00               	movlw	high varredura_matrix@varredura
   421  007F54  22DA               	addwfc	fsr2h,f,c
   422  007F56  50DF               	movf	indf2,w,c
   423  007F58  6E8C               	movwf	3980,c	;volatile
   424                           
   425                           ;matrix.c: 104:                 LATB = letra_J[i+j];
   426  007F5A  51D2               	movf	varredura_matrix@j& (0+255),w,b
   427  007F5C  25D4               	addwf	varredura_matrix@i& (0+255),w,b
   428  007F5E  6E31               	movwf	??_varredura_matrix& (0+255),c
   429  007F60  51D3               	movf	(varredura_matrix@j+1)& (0+255),w,b
   430  007F62  21D5               	addwfc	(varredura_matrix@i+1)& (0+255),w,b
   431  007F64  6E32               	movwf	(??_varredura_matrix+1)& (0+255),c
   432  007F66  90D8               	bcf	status,0,c
   433  007F68  3631               	rlcf	??_varredura_matrix,f,c
   434  007F6A  3632               	rlcf	??_varredura_matrix+1,f,c
   435  007F6C  0E90               	movlw	low varredura_matrix@letra_J
   436  007F6E  2431               	addwf	??_varredura_matrix,w,c
   437  007F70  6ED9               	movwf	fsr2l,c
   438  007F72  0E00               	movlw	high varredura_matrix@letra_J
   439  007F74  2032               	addwfc	??_varredura_matrix+1,w,c
   440  007F76  6EDA               	movwf	fsr2h,c
   441  007F78  50DF               	movf	indf2,w,c
   442  007F7A  6E8A               	movwf	3978,c	;volatile
   443                           
   444                           ;matrix.c: 105:                 LATC = letra_J[i+j];
   445  007F7C  51D2               	movf	varredura_matrix@j& (0+255),w,b
   446  007F7E  25D4               	addwf	varredura_matrix@i& (0+255),w,b
   447  007F80  6E31               	movwf	??_varredura_matrix& (0+255),c
   448  007F82  51D3               	movf	(varredura_matrix@j+1)& (0+255),w,b
   449  007F84  21D5               	addwfc	(varredura_matrix@i+1)& (0+255),w,b
   450  007F86  6E32               	movwf	(??_varredura_matrix+1)& (0+255),c
   451  007F88  90D8               	bcf	status,0,c
   452  007F8A  3631               	rlcf	??_varredura_matrix,f,c
   453  007F8C  3632               	rlcf	??_varredura_matrix+1,f,c
   454  007F8E  0E90               	movlw	low varredura_matrix@letra_J
   455  007F90  2431               	addwf	??_varredura_matrix,w,c
   456  007F92  6ED9               	movwf	fsr2l,c
   457  007F94  0E00               	movlw	high varredura_matrix@letra_J
   458  007F96  2032               	addwfc	??_varredura_matrix+1,w,c
   459  007F98  6EDA               	movwf	fsr2h,c
   460  007F9A  50DF               	movf	indf2,w,c
   461  007F9C  6E8B               	movwf	3979,c	;volatile
   462                           
   463                           ; BSR set to: 0
   464                           ;matrix.c: 106:                 _delay((unsigned long)((1)*(8000000/4000.0)));
   465  007F9E  0E03               	movlw	3
   466  007FA0  6E31               	movwf	??_varredura_matrix& (0+255),c
   467  007FA2  0E98               	movlw	152
   468  007FA4                     u137:
   469  007FA4  2EE8               	decfsz	wreg,f,c
   470  007FA6  D7FE               	bra	u137
   471  007FA8  2E31               	decfsz	??_varredura_matrix& (0+255),f,c
   472  007FAA  D7FC               	bra	u137
   473                           
   474                           ;matrix.c: 107:             }
   475  007FAC  0100               	movlb	0	; () banked
   476  007FAE  4BD4               	infsnz	varredura_matrix@i& (0+255),f,b
   477  007FB0  2BD5               	incf	(varredura_matrix@i+1)& (0+255),f,b
   478                           
   479                           ; BSR set to: 0
   480  007FB2  BFD5               	btfsc	(varredura_matrix@i+1)& (0+255),7,b
   481  007FB4  D7C7               	goto	l784
   482  007FB6  51D5               	movf	(varredura_matrix@i+1)& (0+255),w,b
   483  007FB8  E104               	bnz	u100
   484  007FBA  0E08               	movlw	8
   485  007FBC  5DD4               	subwf	varredura_matrix@i& (0+255),w,b
   486  007FBE  A0D8               	btfss	status,0,c
   487  007FC0  D7C1               	goto	l784
   488  007FC2                     u100:
   489                           
   490                           ; BSR set to: 0
   491                           ;matrix.c: 108:         }
   492  007FC2  4BD0               	infsnz	varredura_matrix@m& (0+255),f,b
   493  007FC4  2BD1               	incf	(varredura_matrix@m+1)& (0+255),f,b
   494                           
   495                           ; BSR set to: 0
   496  007FC6  BFD1               	btfsc	(varredura_matrix@m+1)& (0+255),7,b
   497  007FC8  D7B9               	goto	l778
   498  007FCA  51D1               	movf	(varredura_matrix@m+1)& (0+255),w,b
   499  007FCC  E104               	bnz	u110
   500  007FCE  0E0A               	movlw	10
   501  007FD0  5DD0               	subwf	varredura_matrix@m& (0+255),w,b
   502  007FD2  A0D8               	btfss	status,0,c
   503  007FD4  D7B3               	goto	l778
   504  007FD6                     u110:
   505                           
   506                           ; BSR set to: 0
   507                           ;matrix.c: 109:         _delay((unsigned long)((15)*(8000000/4000.0)));
   508  007FD6  0E27               	movlw	39
   509  007FD8  6E31               	movwf	??_varredura_matrix& (0+255),c
   510  007FDA  0EF5               	movlw	245
   511  007FDC                     u147:
   512  007FDC  2EE8               	decfsz	wreg,f,c
   513  007FDE  D7FE               	bra	u147
   514  007FE0  2E31               	decfsz	??_varredura_matrix& (0+255),f,c
   515  007FE2  D7FC               	bra	u147
   516  007FE4  F000               	nop	
   517                           
   518                           ;matrix.c: 110:     }
   519  007FE6  0100               	movlb	0	; () banked
   520  007FE8  4BD2               	infsnz	varredura_matrix@j& (0+255),f,b
   521  007FEA  2BD3               	incf	(varredura_matrix@j+1)& (0+255),f,b
   522  007FEC  BFD3               	btfsc	(varredura_matrix@j+1)& (0+255),7,b
   523  007FEE  D7A2               	goto	l772
   524  007FF0  51D3               	movf	(varredura_matrix@j+1)& (0+255),w,b
   525  007FF2  E105               	bnz	u120
   526  007FF4  0E10               	movlw	16
   527  007FF6  5DD2               	subwf	varredura_matrix@j& (0+255),w,b
   528  007FF8  B0D8               	btfsc	status,0,c
   529  007FFA  0012               	return	
   530  007FFC  D79B               	goto	l772
   531  007FFE                     u120:
   532                           
   533                           ; BSR set to: 0
   534  007FFE  0012               	return		;funcret
   535  008000                     __end_of_varredura_matrix:
   536                           	opt callstack 0
   537                           
   538 ;; *************** function _configura_portas *****************
   539 ;; Defined at:
   540 ;;		line 15 in file "matrix.c"
   541 ;; Parameters:    Size  Location     Type
   542 ;;		None
   543 ;; Auto vars:     Size  Location     Type
   544 ;;		None
   545 ;; Return value:  Size  Location     Type
   546 ;;                  1    wreg      void 
   547 ;; Registers used:
   548 ;;		wreg, status,2
   549 ;; Tracked objects:
   550 ;;		On entry : 0/0
   551 ;;		On exit  : 0/0
   552 ;;		Unchanged: 0/0
   553 ;; Data sizes:     COMRAM   BANK0   BANK1   BANK2   BANK3   BANK4   BANK5   BANK6   BANK7
   554 ;;      Params:         0       0       0       0       0       0       0       0       0
   555 ;;      Locals:         0       0       0       0       0       0       0       0       0
   556 ;;      Temps:          0       0       0       0       0       0       0       0       0
   557 ;;      Totals:         0       0       0       0       0       0       0       0       0
   558 ;;Total ram usage:        0 bytes
   559 ;; Hardware stack levels used:    1
   560 ;; This function calls:
   561 ;;		Nothing
   562 ;; This function is called by:
   563 ;;		_main
   564 ;; This function uses a non-reentrant model
   565 ;;
   566                           
   567                           	psect	text2
   568  007E1C                     __ptext2:
   569                           	opt callstack 0
   570  007E1C                     _configura_portas:
   571                           	opt callstack 30
   572                           
   573                           ;matrix.c: 17:     ADCON1 = 0x0F;
   574                           
   575                           ; BSR set to: 0
   576                           ;incstack = 0
   577  007E1C  0E0F               	movlw	15
   578  007E1E  6EC1               	movwf	4033,c	;volatile
   579                           
   580                           ;matrix.c: 18:     TRISD = 0b00000000;
   581  007E20  0E00               	movlw	0
   582  007E22  6E95               	movwf	3989,c	;volatile
   583                           
   584                           ;matrix.c: 19:     TRISB = 0b00000000;
   585  007E24  0E00               	movlw	0
   586  007E26  6E93               	movwf	3987,c	;volatile
   587                           
   588                           ;matrix.c: 20:     TRISC = 0b00000000;
   589  007E28  0E00               	movlw	0
   590  007E2A  6E94               	movwf	3988,c	;volatile
   591  007E2C  0012               	return		;funcret
   592  007E2E                     __end_of_configura_portas:
   593                           	opt callstack 0
   594  0000                     
   595                           	psect	rparam
   596  0000                     tosu	equ	0xFFF
   597                           tosh	equ	0xFFE
   598                           tosl	equ	0xFFD
   599                           stkptr	equ	0xFFC
   600                           pclatu	equ	0xFFB
   601                           pclath	equ	0xFFA
   602                           pcl	equ	0xFF9
   603                           tblptru	equ	0xFF8
   604                           tblptrh	equ	0xFF7
   605                           tblptrl	equ	0xFF6
   606                           tablat	equ	0xFF5
   607                           prodh	equ	0xFF4
   608                           prodl	equ	0xFF3
   609                           indf0	equ	0xFEF
   610                           postinc0	equ	0xFEE
   611                           postdec0	equ	0xFED
   612                           preinc0	equ	0xFEC
   613                           plusw0	equ	0xFEB
   614                           fsr0h	equ	0xFEA
   615                           fsr0l	equ	0xFE9
   616                           wreg	equ	0xFE8
   617                           indf1	equ	0xFE7
   618                           postinc1	equ	0xFE6
   619                           postdec1	equ	0xFE5
   620                           preinc1	equ	0xFE4
   621                           plusw1	equ	0xFE3
   622                           fsr1h	equ	0xFE2
   623                           fsr1l	equ	0xFE1
   624                           bsr	equ	0xFE0
   625                           indf2	equ	0xFDF
   626                           postinc2	equ	0xFDE
   627                           postdec2	equ	0xFDD
   628                           preinc2	equ	0xFDC
   629                           plusw2	equ	0xFDB
   630                           fsr2h	equ	0xFDA
   631                           fsr2l	equ	0xFD9
   632                           status	equ	0xFD8


Data Sizes:
    Strings     0
    Constant    0
    Data        112
    BSS         0
    Persistent  0
    Stack       0

Auto Spaces:
    Space          Size  Autos    Used
    COMRAM           95      2      50
    BANK0           160    118     134
    BANK1           256      0      48
    BANK2           256      0       0
    BANK3           256      0       0
    BANK4           256      0       0
    BANK5           256      0       0
    BANK6           256      0       0
    BANK7           256      0       0

Pointer List with Targets:

    None.

Critical Paths under _main in COMRAM

    _main->_varredura_matrix

Critical Paths under _main in BANK0

    _main->_varredura_matrix

Critical Paths under _main in BANK1

    None.

Critical Paths under _main in BANK2

    None.

Critical Paths under _main in BANK3

    None.

Critical Paths under _main in BANK4

    None.

Critical Paths under _main in BANK5

    None.

Critical Paths under _main in BANK6

    None.

Critical Paths under _main in BANK7

    None.

Call Graph Tables:

 ---------------------------------------------------------------------------------
 (Depth) Function   	        Calls       Base Space   Used Autos Params    Refs
 ---------------------------------------------------------------------------------
 (0) _main                                                 0     0      0     320
                   _configura_portas
                   _varredura_matrix
 ---------------------------------------------------------------------------------
 (1) _varredura_matrix                                   120   120      0     320
                                              0 COMRAM     2     2      0
                                              0 BANK0    118   118      0
 ---------------------------------------------------------------------------------
 (1) _configura_portas                                     0     0      0       0
 ---------------------------------------------------------------------------------
 Estimated maximum stack depth 1
 ---------------------------------------------------------------------------------

 Call Graph Graphs:

 _main (ROOT)
   _configura_portas
   _varredura_matrix

 Address spaces:
Name               Size   Autos  Total    Cost      Usage
BIGRAM             7FF      0       0      21        0.0%
EEDATA             100      0       0       0        0.0%
BITBANK7           100      0       0      18        0.0%
BANK7              100      0       0      19        0.0%
BITBANK6           100      0       0      16        0.0%
BANK6              100      0       0      17        0.0%
BITBANK5           100      0       0      14        0.0%
BANK5              100      0       0      15        0.0%
BITBANK4           100      0       0      12        0.0%
BANK4              100      0       0      13        0.0%
BITBANK3           100      0       0      10        0.0%
BANK3              100      0       0      11        0.0%
BITBANK2           100      0       0       8        0.0%
BANK2              100      0       0       9        0.0%
BITBANK1           100      0       0       6        0.0%
BANK1              100      0      30       7       18.8%
BITBANK0            A0      0       0       4        0.0%
BANK0               A0     76      86       5       83.8%
BITCOMRAM           5F      0       0       0        0.0%
COMRAM              5F      2      32       1       52.6%
BITSFR               0      0       0     200        0.0%
SFR                  0      0       0     200        0.0%
STACK                0      0       0       2        0.0%
NULL                 0      0       0       0        0.0%
ABS                  0      0      E8      20        0.0%
DATA                 0      0      E8       3        0.0%
CODE                 0      0       0       0        0.0%


Microchip Technology PIC18 Macro Assembler V2.05 build -831301201 
Symbol Table                                                                                   Mon Apr 08 15:20:54 2019

                       u71 7EFE                         u81 7F10                         u91 7F22  
                      l802 7E06                        l772 7F34                        l784 7F44  
                      l778 7F3C                        u100 7FC2                        u110 7FD6  
                      u120 7FFE                        u137 7FA4                        u147 7FDC  
                      wreg 000FE8                       _LATB 000F8A                       _LATC 000F8B  
                     _LATD 000F8C                       _main 7E02                       fsr2h 000FDA  
                     indf2 000FDF                       fsr1l 000FE1                       fsr2l 000FD9  
                     start 0000               ___param_bank 000000  __size_of_varredura_matrix 010C  
                    ?_main 0031                      _TRISB 000F93                      _TRISC 000F94  
                    _TRISD 000F95          ?_configura_portas 0031                      tablat 000FF5  
                    plusw1 000FE3                      plusw2 000FDB         ??_configura_portas 0031  
                    status 000FD8            __initialization 7E8E               __end_of_main 7E0C  
                   ??_main 0033              __activetblptr 000000                     _ADCON1 000FC1  
             __pdataCOMRAM 0001                     tblptrh 000FF7                     tblptrl 000FF6  
                   tblptru 000FF8                 __accesstop 0060    __end_of__initialization 7EEE  
            ___rparam_used 000001             __pcstackCOMRAM 0031           _varredura_matrix 7EF4  
             __pidataBANK0 7E0C               __pidataBANK1 7E2E                    __Hparam 0000  
                  __Lparam 0000          varredura_matrix@i 00D4          varredura_matrix@j 00D2  
        varredura_matrix@m 00D0  __size_of_configura_portas 0012                    __pcinit 7E8E  
                  __ramtop 0800                    __ptext0 7E02                    __ptext1 7EF4  
                  __ptext2 7E1C      varredura_matrix@F3170 0001      varredura_matrix@F3172 0100  
    varredura_matrix@F3168 00D6       end_of_initialization 7EEE                    postdec1 000FE5  
                  postinc0 000FEE   __end_of_varredura_matrix 8000              __pidataCOMRAM 7E5E  
      start_initialization 7E8E           _configura_portas 7E1C                __pdataBANK0 00D6  
              __pdataBANK1 0100              __pcstackBANK0 0060  varredura_matrix@varredura 00C0  
        ?_varredura_matrix 0031                  copy_data0 7EA2                  copy_data1 7EC2  
                copy_data2 7EE2    varredura_matrix@letra_A 0060    varredura_matrix@letra_J 0090  
       ??_varredura_matrix 0031                   __Hrparam 0000                   __Lrparam 0000  
 __end_of_configura_portas 7E2E              __size_of_main 000A  
